<?xml version="1.0" encoding="UTF-8"?>
<testsuite xmlns:xsi="http://www.w3.org/2001/XMLSchema-instance" xsi:noNamespaceSchemaLocation="https://maven.apache.org/surefire/maven-surefire-plugin/xsd/surefire-test-report.xsd" name="de.coding_challenge.bowling.BowlingGameTest" time="0.037" tests="7" errors="0" skipped="0" failures="0">
  <properties>
[...]
</properties>
  <testcase name="testIfAPlayerCanScoreADoubleAndThanOneAndOne" classname="de.coding_challenge.bowling.BowlingGameTest" time="0.002"/>
  <testcase name="testIfAPlayerCanScoreATurkeyAndThanOneAndOne" classname="de.coding_challenge.bowling.BowlingGameTest" time="0"/>
  <testcase name="testIfAPlayerCanScoreASpareAndThanOneAndOne" classname="de.coding_challenge.bowling.BowlingGameTest" time="0.001"/>
  <testcase name="testIfAPlayerCanScoreAStrikeAndThanOneAndOne" classname="de.coding_challenge.bowling.BowlingGameTest" time="0"/>
  <testcase name="testIfAPlayerCanRollOneThanSevenInFirstFrame" classname="de.coding_challenge.bowling.BowlingGameTest" time="0"/>
  <testcase name="testIfAPlayerCanScoreAPerfectGame" classname="de.coding_challenge.bowling.BowlingGameTest" time="0"/>
  <testcase name="testIfAPlayerCanHaveAnOpenFrame" classname="de.coding_challenge.bowling.BowlingGameTest" time="0"/>
</testsuite>